Arguments: 
  /usr/local/bin/node /usr/local/bin/yarn init

PATH: 
  /home/embedded/.vscode-server/bin/6c3e3dba23e8fadc360aed75ce363ba185c49794/bin/remote-cli:/home/embedded/.cargo/bin:/usr/local/sbin:/usr/local/bin:/usr/sbin:/usr/bin:/sbin:/bin:/usr/games:/usr/local/games:/usr/lib/wsl/lib:/mnt/c/Program Files/NVIDIA GPU Computing Toolkit/CUDA/v11.8/bin:/mnt/c/Program Files/NVIDIA GPU Computing Toolkit/CUDA/v11.8/libnvvp:/mnt/c/Program Files/Common Files/Oracle/Java/javapath:/mnt/c/Program Files (x86)/VMware/VMware Workstation/bin/:/mnt/c/WINDOWS/system32:/mnt/c/WINDOWS:/mnt/c/WINDOWS/System32/Wbem:/mnt/c/WINDOWS/System32/WindowsPowerShell/v1.0/:/mnt/c/WINDOWS/System32/OpenSSH/:/mnt/a/App/Git/cmd:/mnt/a/App/apktool:/mnt/c/Users/Admin/AppData/Roaming/nvm:/mnt/c/Program Files/nodejs:/mnt/c/Users/Admin/AppData/Local/Microsoft/WindowsApps/Microsoft.WindowsTerminal_8wekyb3d8bbwe:/mnt/a/App/Python3.9:/mnt/a/App/Python3.9/Scripts:/mnt/c/Program Files/NVIDIA Corporation/Nsight Compute 2022.3.0/:/mnt/c/Program Files (x86)/NVIDIA Corporation/PhysX/Common:/mnt/c/Program Files/NVIDIA Corporation/NVIDIA NvDLISR:/mnt/a/App/perl/c/bin:/mnt/a/App/perl/perl/site/bin:/mnt/a/App/perl/perl/bin:/mnt/c/Program Files/Docker/Docker/resources/bin:/mnt/a/App/anaconda3/condabin:/mnt/c/Users/Admin/AppData/Local/Microsoft/WindowsApps:/mnt/a/App/vscode/bin:/mnt/c/Users/Admin/AppData/Roaming/npm:/mnt/c/Users/Admin/AppData/Local/Programs/oh-my-posh/bin

Yarn version: 
  1.22.18

Node version: 
  16.15.0

Platform: 
  linux x64

Trace: 
  Error: canceled
      at Interface.<anonymous> (/usr/local/lib/node_modules/yarn/lib/cli.js:137143:13)
      at Interface.emit (node:events:527:28)
      at Interface._ttyWrite (node:readline:1081:16)
      at ReadStream.onkeypress (node:readline:288:10)
      at ReadStream.emit (node:events:527:28)
      at emitKeys (node:internal/readline/utils:358:14)
      at emitKeys.next (<anonymous>)
      at ReadStream.onData (node:internal/readline/emitKeypressEvents:61:36)
      at ReadStream.emit (node:events:527:28)
      at addChunk (node:internal/streams/readable:315:12)

npm manifest: 
  {
    "dependencies": {
      "next": "^13.4.19",
      "react": "^18.2.0",
      "react-dom": "^18.2.0"
    }
  }

yarn manifest: 
  No manifest

Lockfile: 
  No lockfile
